[debug] [2025-06-09T11:01:04.933Z] ----------------------------------------------------------------------
[debug] [2025-06-09T11:01:04.935Z] Command:       C:\Program Files\nodejs\node.exe C:\Users\Admin\AppData\Roaming\npm\node_modules\firebase-tools\lib\bin\firebase.js init
[debug] [2025-06-09T11:01:04.935Z] CLI Version:   14.6.0
[debug] [2025-06-09T11:01:04.935Z] Platform:      win32
[debug] [2025-06-09T11:01:04.935Z] Node Version:  v22.14.0
[debug] [2025-06-09T11:01:04.935Z] Time:          Mon Jun 09 2025 18:01:04 GMT+0700 (GMT+07:00)
[debug] [2025-06-09T11:01:04.935Z] ----------------------------------------------------------------------
[debug] 
[debug] [2025-06-09T11:01:04.940Z] > command requires scopes: ["email","openid","https://www.googleapis.com/auth/cloudplatformprojects.readonly","https://www.googleapis.com/auth/firebase","https://www.googleapis.com/auth/cloud-platform"]
[debug] [2025-06-09T11:01:04.940Z] > authorizing via signed-in user (lemaihuong20015@gmail.com)
[info] 
     ######## #### ########  ######## ########     ###     ######  ########
     ##        ##  ##     ## ##       ##     ##  ##   ##  ##       ##
     ######    ##  ########  ######   ########  #########  ######  ######
     ##        ##  ##    ##  ##       ##     ## ##     ##       ## ##
     ##       #### ##     ## ######## ########  ##     ##  ######  ########

You're about to initialize a Firebase project in this directory:

  D:\Đồ án\Weather

[info] 
=== Project Setup
[info] 
[info] First, let's associate this project directory with a Firebase project.
[info] You can create multiple project aliases by running firebase use --add, 
[info] but for now we'll just set up a default project.
[info] 
[debug] [2025-06-09T11:01:17.153Z] Checked if tokens are valid: true, expires at: 1749470265381
[debug] [2025-06-09T11:01:17.154Z] Checked if tokens are valid: true, expires at: 1749470265381
[debug] [2025-06-09T11:01:17.155Z] >>> [apiv2][query] GET https://firebase.googleapis.com/v1beta1/projects pageSize=100
[debug] [2025-06-09T11:01:17.843Z] <<< [apiv2][status] GET https://firebase.googleapis.com/v1beta1/projects 200
[debug] [2025-06-09T11:01:17.843Z] <<< [apiv2][body] GET https://firebase.googleapis.com/v1beta1/projects [omitted]
